<?xml version="1.0" encoding="UTF-8"?>
<testng-results skipped="0" failed="0" total="2" passed="2">
  <reporter-output>
  </reporter-output>
  <suite name="Suite" duration-ms="98" started-at="2017-08-11T18:04:32Z" finished-at="2017-08-11T18:04:32Z">
    <groups>
      <group name="sanity">
        <method signature="TestNgAnno.testMethod1()[pri:0, instance:com.wbl.newtestng.TestNgAnno@445b84c0]" name="testMethod1" class="com.wbl.newtestng.TestNgAnno"/>
      </group> <!-- sanity -->
    </groups>
    <test name="Test" duration-ms="98" started-at="2017-08-11T18:04:32Z" finished-at="2017-08-11T18:04:32Z">
      <class name="com.wbl.newtestng.TestNgAnno">
        <test-method status="PASS" signature="testMethod1()[pri:0, instance:com.wbl.newtestng.TestNgAnno@445b84c0]" name="testMethod1" duration-ms="31" started-at="2017-08-11T11:04:32Z" finished-at="2017-08-11T11:04:32Z">
          <reporter-output>
          </reporter-output>
        </test-method> <!-- testMethod1 -->
        <test-method status="PASS" signature="testMethod2()[pri:0, instance:com.wbl.newtestng.TestNgAnno@445b84c0]" name="testMethod2" duration-ms="2" started-at="2017-08-11T11:04:32Z" finished-at="2017-08-11T11:04:32Z">
          <reporter-output>
          </reporter-output>
        </test-method> <!-- testMethod2 -->
      </class> <!-- com.wbl.newtestng.TestNgAnno -->
    </test> <!-- Test -->
  </suite> <!-- Suite -->
</testng-results>
